21:42:40.363 [main] INFO  r.s.h.service.impl.AdServiceImpl - Проверка аутентификации admin@mail.ru - Ок
21:42:40.368 [main] INFO  r.s.h.service.impl.AdServiceImpl - Изменение объявления Title1
21:42:40.921 [main] INFO  r.s.h.service.impl.AdServiceImpl - Проверка аутентификации user2@mail.ru - Ок
21:42:40.923 [main] ERROR r.s.h.e.AccessExceptionHandler - Нет прав на изменение объявления
21:42:41.191 [main] ERROR r.s.h.exceptions.AdExceptionHandler - Объявление не найдено
21:42:41.443 [main] INFO  r.s.h.service.impl.AdServiceImpl - Проверка аутентификации user1@mail.ru - Ок
21:42:41.444 [main] INFO  r.s.h.service.impl.AdServiceImpl - Изменение объявления Title1
21:42:41.885 [main] INFO  r.s.h.service.impl.AdServiceImpl - Проверка аутентификации user1@mail.ru - Ок
21:42:41.885 [main] INFO  r.s.h.service.impl.AdServiceImpl - Объявление Title1 удалено
21:42:42.136 [main] INFO  r.s.h.service.impl.AdServiceImpl - Проверка аутентификации user2@mail.ru - Ок
21:42:42.137 [main] ERROR r.s.h.e.AccessExceptionHandler - Нет прав на изменение объявления
21:42:42.641 [main] INFO  r.s.h.service.impl.AdServiceImpl - Добавлена картинка к объявлению New ad title
21:42:42.643 [main] INFO  r.s.h.service.impl.AdServiceImpl - user1@mail.ru добавил объявление
21:42:42.659 [main] INFO  r.s.h.service.impl.AdServiceImpl - Все объявления получены
21:42:42.841 [main] INFO  r.s.h.service.impl.AdServiceImpl - Все объявления получены
21:42:43.773 [main] INFO  r.s.h.service.impl.AdServiceImpl - Получение объявлений авторизированного пользователя
21:42:43.834 [main] INFO  r.s.h.service.impl.AdServiceImpl - Получение объявлений авторизированного пользователя
21:42:44.078 [main] INFO  r.s.h.service.impl.AdServiceImpl - Проверка аутентификации admin@mail.ru - Ок
21:42:44.078 [main] INFO  r.s.h.service.impl.AdServiceImpl - Объявление Title1 удалено
21:42:44.327 [main] INFO  r.s.h.service.impl.AdServiceImpl - Получение полной информации по объявлению Title1
21:42:44.572 [main] ERROR r.s.h.exceptions.AdExceptionHandler - Объявление не найдено
21:42:47.095 [main] INFO  r.s.h.service.impl.AuthServiceImpl - Пользователь user@mail.ru авторизирован
21:42:47.151 [main] ERROR r.s.h.service.impl.AuthServiceImpl - Ошибка аутентификации - user@mail.ru
21:42:47.274 [main] ERROR r.s.h.e.UserExceptionHandler - Пользователь не найден
21:42:47.471 [main] INFO  r.s.h.service.impl.AuthServiceImpl - Пользователь user@mail.ru зарегистрирован
21:42:47.594 [main] INFO  r.s.h.service.impl.AuthServiceImpl - Пользователь user@mail.ru авторизирован
21:42:47.779 [main] ERROR r.s.h.e.UserExceptionHandler - Пользователь с таким именем уже существует
21:42:50.530 [main] INFO  r.s.h.s.impl.CommentsServiceImpl - Доступ к работе с комментариями разрешен для admin@mail.ru
21:42:50.530 [main] INFO  r.s.h.s.impl.CommentsServiceImpl - Комментарий удален пользователем admin@mail.ru
21:42:51.224 [main] INFO  r.s.h.service.impl.UserServiceImpl - Пользователь user1@mail.ru авторизован
21:42:51.226 [main] ERROR r.s.h.exceptions.AdExceptionHandler - Объявление не найдено
21:42:51.907 [main] INFO  r.s.h.s.impl.CommentsServiceImpl - Доступ к работе с комментариями разрешен для user2@mail.ru
21:42:51.907 [main] ERROR r.s.h.e.AccessExceptionHandler - Нет прав на изменение объявления
21:42:52.155 [main] INFO  r.s.h.s.impl.CommentsServiceImpl - Доступ к работе с комментариями разрешен для user1@mail.ru
21:42:52.155 [main] INFO  r.s.h.s.impl.CommentsServiceImpl - Комментарий удален пользователем user1@mail.ru
21:42:52.592 [main] INFO  r.s.h.s.impl.CommentsServiceImpl - Доступ к работе с комментариями разрешен для admin@mail.ru
21:42:52.592 [main] INFO  r.s.h.s.impl.CommentsServiceImpl - Комментарий изменен пользователем admin@mail.ru
21:42:53.028 [main] INFO  r.s.h.service.impl.UserServiceImpl - Пользователь user1@mail.ru авторизован
21:42:53.033 [main] INFO  r.s.h.s.impl.CommentsServiceImpl - Комментарий к объявлению Title1 создан
21:42:53.281 [main] INFO  r.s.h.s.impl.CommentsServiceImpl - Все комментарии получены
21:42:53.344 [main] INFO  r.s.h.s.impl.CommentsServiceImpl - Все комментарии получены
21:42:53.591 [main] INFO  r.s.h.s.impl.CommentsServiceImpl - Доступ к работе с комментариями разрешен для user1@mail.ru
21:42:53.591 [main] INFO  r.s.h.s.impl.CommentsServiceImpl - Комментарий изменен пользователем user1@mail.ru
21:42:54.212 [main] INFO  r.s.h.s.impl.CommentsServiceImpl - Доступ к работе с комментариями разрешен для user2@mail.ru
21:42:54.213 [main] ERROR r.s.h.e.AccessExceptionHandler - Нет прав на изменение объявления
21:42:56.967 [main] INFO  r.s.h.service.impl.ImageServiceImpl - Доступ разрешен к работе с объявлениям для пользователя admin@mail.ru
21:42:56.968 [main] INFO  r.s.h.service.impl.ImageServiceImpl - Картинка объявления 0bebae56-d69c-413d-b45b-a662f2c14ee3 изменена
21:42:57.396 [main] INFO  r.s.h.service.impl.ImageServiceImpl - Доступ разрешен к работе с объявлениям для пользователя user2@mail.ru
21:42:57.397 [main] ERROR r.s.h.e.AccessExceptionHandler - Нет прав на изменение объявления
21:42:57.639 [main] INFO  r.s.h.service.impl.ImageServiceImpl - Доступ разрешен к работе с объявлениям для пользователя user1@mail.ru
21:42:57.639 [main] INFO  r.s.h.service.impl.ImageServiceImpl - Картинка объявления 33af4400-b174-4090-a639-9fbad3bd071b изменена
21:42:58.074 [main] INFO  r.s.h.service.impl.ImageServiceImpl - Аватарка пользователя user1@mail.ru изменена
21:42:58.318 [main] ERROR r.s.h.exceptions.AdExceptionHandler - Объявление не найдено
21:43:00.880 [main] INFO  r.s.h.service.impl.UserServiceImpl - Пользователь user@mail.ru авторизован
21:43:00.937 [main] ERROR r.s.h.e.UserExceptionHandler - Доступ запрещен!
21:43:01.114 [main] INFO  r.s.h.service.impl.UserServiceImpl - Пользователь user@mail.ru авторизован
21:43:01.228 [main] INFO  r.s.h.service.impl.UserServiceImpl - Пароль пользователя user@mail.ru изменен
21:43:01.403 [main] INFO  r.s.h.service.impl.UserServiceImpl - Пользователь user@mail.ru авторизован
21:43:01.766 [main] INFO  r.s.h.service.impl.UserServiceImpl - Пользователь user@mail.ru авторизован
21:43:01.768 [main] INFO  r.s.h.service.impl.UserServiceImpl - Данные пользователя user@mail.ru изменены
21:43:02.422 [main] INFO  r.s.h.service.impl.UserServiceImpl - Пользователь user2@mail.ru авторизован
21:43:02.423 [main] ERROR r.s.h.e.UserExceptionHandler - Пользователь не найден
